info it worked if it ends with ok
verbose cli [ 'c:\\Program Files\\nodejs\\node.exe',
verbose cli   'c:\\Program Files\\nodejs\\node_modules\\npm\\bin\\npm-cli.js',
verbose cli   'link' ]
info using npm@1.1.21
info using node@v0.6.17
verbose config file C:\Documents and Settings\Qawe Mlilo\.npmrc
verbose config file c:\Program Files\nodejs\etc\npmrc
verbose config file c:\Program Files\nodejs\node_modules\npm\npmrc
ERR! Error: npm link not supported on windows
ERR!     at EventEmitter.link (c:\Program Files\nodejs\node_modules\npm\lib\link.js:33:13)
ERR!     at Object.<anonymous> (c:\Program Files\nodejs\node_modules\npm\lib\npm.js:188:11)
ERR!     at EventEmitter.<anonymous> (c:\Program Files\nodejs\node_modules\npm\bin\npm-cli.js:84:27)
ERR!     at Array.0 (native)
ERR!     at EventEmitter._tickCallback (node.js:192:40)
ERR! You may report this log at:
ERR!     <http://github.com/isaacs/npm/issues>
ERR! or email it to:
ERR!     <npm-@googlegroups.com>
ERR! 
ERR! System Windows_NT 5.1.2600
ERR! command "c:\\Program Files\\nodejs\\node.exe" "c:\\Program Files\\nodejs\\node_modules\\npm\\bin\\npm-cli.js" "link"
ERR! cwd c:\Documents and Settings\Qawe Mlilo\Desktop\Projects\ragingflame
ERR! node -v v0.6.17
ERR! npm -v 1.1.21
ERR! code ENOTSUP
ERR! message npm link not supported on windows
ERR! errno {}
verbose exit [ 1, true ]
